Checking for failed login attempts...
Checking for unusual network connections...
Checking for suspicious processes...
Checking file integrity...
Checking for suspicious files and directories...
Checking for suspicious software installations...
Checking for suspicious cron jobs...
Checking for unauthorized users and sudoers modifications...
Detected macOS. Checking with Homebrew...
Checking for web shells in web directories...
Sat Nov  9 22:30:24 IST 2024 - No suspicious files or directories found.
Sat Nov  9 22:30:24 IST 2024 - ALERT: Unauthorized user found in sudoers!
Sat Nov  9 22:30:24 IST 2024 - No web shells found in web directories.
Sat Nov  9 22:30:24 IST 2024 - No suspicious cron jobs found.
Sat Nov  9 22:30:25 IST 2024 - ALERT: /etc/passwd has been modified!
Sat Nov  9 22:30:25 IST 2024 - No suspicious network connections found.
Sat Nov  9 22:30:25 IST 2024 - ALERT: /etc/ssh/sshd_config has been modified!
Sat Nov  9 22:30:26 IST 2024 - No failed login attempts detected.
Sat Nov  9 22:30:27 IST 2024 - ALERT: Suspicious process nc found!
Sat Nov  9 22:30:29 IST 2024 - ALERT: Suspicious process init found!
Sat Nov  9 22:30:30 IST 2024 - ALERT: Suspicious process remote found!
Sat Nov  9 22:30:52 IST 2024 - No suspicious software installations found.
Sat Nov  9 22:30:52 IST 2024 - Script execution time: 28 seconds.
